<?xml version="1.0" encoding="UTF-8"?>
<!-- Generated by org.testng.reporters.JUnitXMLReporter -->
<testsuite ignored="0" hostname="Jerrys-MacBook-Pro.local" failures="1" tests="6" name="Surefire test" time="287.287" errors="0" timestamp="2025-03-27T10:25:56 EDT">
  <testcase classname="scenario.Scenario4Test" name="downloadDatasetFromOneSearch" time="12.122"/>
  <testcase classname="scenario.Scenario2Test" name="loginToCanvas" time="62.552"/>
  <testcase classname="scenario.Scenario2Test" name="openCalendarAndAddToDos" time="28.926"/>
  <testcase classname="scenario.Scenario5Test" name="changeAcademicCalendar" time="63.897"/>
  <testcase classname="scenario.Scenario3Test" name="reserveSnellRoom" time="18.963"/>
  <testcase classname="scenario.Scenario1Test" name="runTranscriptDownloadScenario" time="95.488">
    <failure type="java.lang.AssertionError" message="Scenario failed: Expected condition failed: waiting for element to be clickable: By.id: levl_id (tried for 30 second(s) with 500 milliseconds interval)
Build info: version: &amp;apos;4.20.0&amp;apos;, revision: &amp;apos;866c76ca80&amp;apos;
System info: os.name: &amp;apos;Mac OS X&amp;apos;, os.arch: &amp;apos;aarch64&amp;apos;, os.version: &amp;apos;15.3.2&amp;apos;, java.version: &amp;apos;23.0.2&amp;apos;
Driver info: org.openqa.selenium.chrome.ChromeDriver
Capabilities {acceptInsecureCerts: false, browserName: chrome, browserVersion: 134.0.6998.166, chrome: {chromedriverVersion: 134.0.6998.165 (fd886e2cb29..., userDataDir: /var/folders/wq/8ch2txjd4ws...}, fedcm:accounts: true, goog:chromeOptions: {debuggerAddress: localhost:50965}, networkConnectionEnabled: false, pageLoadStrategy: normal, platformName: mac, proxy: Proxy(), se:cdp: ws://localhost:50965/devtoo..., se:cdpVersion: 134.0.6998.166, setWindowRect: true, strictFileInteractability: false, timeouts: {implicit: 0, pageLoad: 300000, script: 30000}, unhandledPromptBehavior: dismiss and notify, webauthn:extension:credBlob: true, webauthn:extension:largeBlob: true, webauthn:extension:minPinLength: true, webauthn:extension:prf: true, webauthn:virtualAuthenticators: true}
Session ID: 449d0b71a76ecc3efd0b6bc1c9065676">
      <![CDATA[java.lang.AssertionError: Scenario failed: Expected condition failed: waiting for element to be clickable: By.id: levl_id (tried for 30 second(s) with 500 milliseconds interval)
Build info: version: '4.20.0', revision: '866c76ca80'
System info: os.name: 'Mac OS X', os.arch: 'aarch64', os.version: '15.3.2', java.version: '23.0.2'
Driver info: org.openqa.selenium.chrome.ChromeDriver
Capabilities {acceptInsecureCerts: false, browserName: chrome, browserVersion: 134.0.6998.166, chrome: {chromedriverVersion: 134.0.6998.165 (fd886e2cb29..., userDataDir: /var/folders/wq/8ch2txjd4ws...}, fedcm:accounts: true, goog:chromeOptions: {debuggerAddress: localhost:50965}, networkConnectionEnabled: false, pageLoadStrategy: normal, platformName: mac, proxy: Proxy(), se:cdp: ws://localhost:50965/devtoo..., se:cdpVersion: 134.0.6998.166, setWindowRect: true, strictFileInteractability: false, timeouts: {implicit: 0, pageLoad: 300000, script: 30000}, unhandledPromptBehavior: dismiss and notify, webauthn:extension:credBlob: true, webauthn:extension:largeBlob: true, webauthn:extension:minPinLength: true, webauthn:extension:prf: true, webauthn:virtualAuthenticators: true}
Session ID: 449d0b71a76ecc3efd0b6bc1c9065676
at scenario.Scenario1Test.runTranscriptDownloadScenario(Scenario1Test.java:139)
at java.base/java.util.ArrayList.forEach(ArrayList.java:1597)
... Removed 31 stack frames]]>
    </failure>
  </testcase> <!-- runTranscriptDownloadScenario -->
</testsuite> <!-- Surefire test -->
