<?xml version="1.0" encoding="UTF-8"?>
<!-- Generated by org.testng.reporters.JUnitXMLReporter -->
<testsuite ignored="0" hostname="Shreyas-MacBook-Air.local" failures="0" tests="5" name="Scenario3TestRun" time="217.39" errors="0" timestamp="2025-03-27T00:38:04 EDT">
  <testcase classname="scenario.Scenario1Test" name="runTranscriptDownloadScenario" time="88.935"/>
  <testcase classname="scenario.Scenario2Test" name="loginToCanvas" time="60.608"/>
  <testcase classname="scenario.Scenario2Test" name="openCalendarAndAddToDos" time="29.858"/>
  <testcase classname="scenario.Scenario3Test" name="reserveSnellRoom" time="19.401"/>
  <testcase classname="scenario.Scenario4Test" name="downloadDatasetFromOneSearch" time="13.203"/>
</testsuite> <!-- Scenario3TestRun -->
