<?xml version="1.0" encoding="UTF-8"?>
<testng-results ignored="0" total="6" passed="5" failed="1" skipped="0">
  <reporter-output>
  </reporter-output>
  <suite started-at="2025-03-27T10:21:09 EDT" name="Surefire suite" finished-at="2025-03-27T10:25:56 EDT" duration-ms="287287">
    <groups>
    </groups>
    <test started-at="2025-03-27T10:21:09 EDT" name="Surefire test" finished-at="2025-03-27T10:25:56 EDT" duration-ms="287287">
      <class name="scenario.Scenario5Test">
        <test-method is-config="true" signature="setup()[pri:0, instance:scenario.Scenario5Test@5e316c74]" started-at="2025-03-27T10:22:55 EDT" name="setup" finished-at="2025-03-27T10:22:56 EDT" duration-ms="912" status="PASS">
          <reporter-output>
          </reporter-output>
        </test-method> <!-- setup -->
        <test-method signature="changeAcademicCalendar()[pri:0, instance:scenario.Scenario5Test@5e316c74]" started-at="2025-03-27T10:22:56 EDT" name="changeAcademicCalendar" finished-at="2025-03-27T10:24:00 EDT" duration-ms="63897" status="PASS">
          <reporter-output>
          </reporter-output>
        </test-method> <!-- changeAcademicCalendar -->
        <test-method is-config="true" signature="tearDown()[pri:0, instance:scenario.Scenario5Test@5e316c74]" started-at="2025-03-27T10:24:00 EDT" name="tearDown" finished-at="2025-03-27T10:24:00 EDT" duration-ms="107" status="PASS">
          <reporter-output>
          </reporter-output>
        </test-method> <!-- tearDown -->
      </class> <!-- scenario.Scenario5Test -->
      <class name="scenario.Scenario1Test">
        <test-method is-config="true" signature="setup()[pri:0, instance:scenario.Scenario1Test@75329a49]" started-at="2025-03-27T10:24:20 EDT" name="setup" finished-at="2025-03-27T10:24:21 EDT" duration-ms="800" status="PASS">
          <reporter-output>
          </reporter-output>
        </test-method> <!-- setup -->
        <test-method signature="runTranscriptDownloadScenario()[pri:0, instance:scenario.Scenario1Test@75329a49]" started-at="2025-03-27T10:24:21 EDT" name="runTranscriptDownloadScenario" finished-at="2025-03-27T10:25:56 EDT" duration-ms="95488" status="FAIL">
          <exception class="java.lang.AssertionError">
            <message>
              <![CDATA[Scenario failed: Expected condition failed: waiting for element to be clickable: By.id: levl_id (tried for 30 second(s) with 500 milliseconds interval)
Build info: version: '4.20.0', revision: '866c76ca80'
System info: os.name: 'Mac OS X', os.arch: 'aarch64', os.version: '15.3.2', java.version: '23.0.2'
Driver info: org.openqa.selenium.chrome.ChromeDriver
Capabilities {acceptInsecureCerts: false, browserName: chrome, browserVersion: 134.0.6998.166, chrome: {chromedriverVersion: 134.0.6998.165 (fd886e2cb29..., userDataDir: /var/folders/wq/8ch2txjd4ws...}, fedcm:accounts: true, goog:chromeOptions: {debuggerAddress: localhost:50965}, networkConnectionEnabled: false, pageLoadStrategy: normal, platformName: mac, proxy: Proxy(), se:cdp: ws://localhost:50965/devtoo..., se:cdpVersion: 134.0.6998.166, setWindowRect: true, strictFileInteractability: false, timeouts: {implicit: 0, pageLoad: 300000, script: 30000}, unhandledPromptBehavior: dismiss and notify, webauthn:extension:credBlob: true, webauthn:extension:largeBlob: true, webauthn:extension:minPinLength: true, webauthn:extension:prf: true, webauthn:virtualAuthenticators: true}
Session ID: 449d0b71a76ecc3efd0b6bc1c9065676]]>
            </message>
            <full-stacktrace>
              <![CDATA[java.lang.AssertionError: Scenario failed: Expected condition failed: waiting for element to be clickable: By.id: levl_id (tried for 30 second(s) with 500 milliseconds interval)
Build info: version: '4.20.0', revision: '866c76ca80'
System info: os.name: 'Mac OS X', os.arch: 'aarch64', os.version: '15.3.2', java.version: '23.0.2'
Driver info: org.openqa.selenium.chrome.ChromeDriver
Capabilities {acceptInsecureCerts: false, browserName: chrome, browserVersion: 134.0.6998.166, chrome: {chromedriverVersion: 134.0.6998.165 (fd886e2cb29..., userDataDir: /var/folders/wq/8ch2txjd4ws...}, fedcm:accounts: true, goog:chromeOptions: {debuggerAddress: localhost:50965}, networkConnectionEnabled: false, pageLoadStrategy: normal, platformName: mac, proxy: Proxy(), se:cdp: ws://localhost:50965/devtoo..., se:cdpVersion: 134.0.6998.166, setWindowRect: true, strictFileInteractability: false, timeouts: {implicit: 0, pageLoad: 300000, script: 30000}, unhandledPromptBehavior: dismiss and notify, webauthn:extension:credBlob: true, webauthn:extension:largeBlob: true, webauthn:extension:minPinLength: true, webauthn:extension:prf: true, webauthn:virtualAuthenticators: true}
Session ID: 449d0b71a76ecc3efd0b6bc1c9065676
at org.testng.Assert.fail(Assert.java:111)
at scenario.Scenario1Test.runTranscriptDownloadScenario(Scenario1Test.java:139)
at java.base/jdk.internal.reflect.DirectMethodHandleAccessor.invoke(DirectMethodHandleAccessor.java:103)
at java.base/java.lang.reflect.Method.invoke(Method.java:580)
at org.testng.internal.invokers.MethodInvocationHelper.invokeMethod(MethodInvocationHelper.java:139)
at org.testng.internal.invokers.TestInvoker.invokeMethod(TestInvoker.java:664)
at org.testng.internal.invokers.TestInvoker.invokeTestMethod(TestInvoker.java:228)
at org.testng.internal.invokers.MethodRunner.runInSequence(MethodRunner.java:63)
at org.testng.internal.invokers.TestInvoker$MethodInvocationAgent.invoke(TestInvoker.java:961)
at org.testng.internal.invokers.TestInvoker.invokeTestMethods(TestInvoker.java:201)
at org.testng.internal.invokers.TestMethodWorker.invokeTestMethods(TestMethodWorker.java:148)
at org.testng.internal.invokers.TestMethodWorker.run(TestMethodWorker.java:128)
at java.base/java.util.ArrayList.forEach(ArrayList.java:1597)
at org.testng.TestRunner.privateRun(TestRunner.java:819)
at org.testng.TestRunner.run(TestRunner.java:619)
at org.testng.SuiteRunner.runTest(SuiteRunner.java:443)
at org.testng.SuiteRunner.runSequentially(SuiteRunner.java:437)
at org.testng.SuiteRunner.privateRun(SuiteRunner.java:397)
at org.testng.SuiteRunner.run(SuiteRunner.java:336)
at org.testng.SuiteRunnerWorker.runSuite(SuiteRunnerWorker.java:52)
at org.testng.SuiteRunnerWorker.run(SuiteRunnerWorker.java:95)
at org.testng.TestNG.runSuitesSequentially(TestNG.java:1301)
at org.testng.TestNG.runSuitesLocally(TestNG.java:1228)
at org.testng.TestNG.runSuites(TestNG.java:1134)
at org.testng.TestNG.run(TestNG.java:1101)
at org.apache.maven.surefire.testng.TestNGExecutor.run(TestNGExecutor.java:155)
at org.apache.maven.surefire.testng.TestNGDirectoryTestSuite.executeMulti(TestNGDirectoryTestSuite.java:169)
at org.apache.maven.surefire.testng.TestNGDirectoryTestSuite.execute(TestNGDirectoryTestSuite.java:88)
at org.apache.maven.surefire.testng.TestNGProvider.invoke(TestNGProvider.java:137)
at org.apache.maven.surefire.booter.ForkedBooter.runSuitesInProcess(ForkedBooter.java:385)
at org.apache.maven.surefire.booter.ForkedBooter.execute(ForkedBooter.java:162)
at org.apache.maven.surefire.booter.ForkedBooter.run(ForkedBooter.java:507)
at org.apache.maven.surefire.booter.ForkedBooter.main(ForkedBooter.java:495)
]]>
            </full-stacktrace>
          </exception> <!-- java.lang.AssertionError -->
          <reporter-output>
          </reporter-output>
        </test-method> <!-- runTranscriptDownloadScenario -->
        <test-method is-config="true" signature="tearDown()[pri:0, instance:scenario.Scenario1Test@75329a49]" started-at="2025-03-27T10:25:56 EDT" name="tearDown" finished-at="2025-03-27T10:25:56 EDT" duration-ms="123" status="PASS">
          <reporter-output>
          </reporter-output>
        </test-method> <!-- tearDown -->
      </class> <!-- scenario.Scenario1Test -->
      <class name="scenario.Scenario4Test">
        <test-method is-config="true" signature="setup()[pri:0, instance:scenario.Scenario4Test@647fd8ce]" started-at="2025-03-27T10:21:09 EDT" name="setup" finished-at="2025-03-27T10:21:10 EDT" duration-ms="1203" status="PASS">
          <reporter-output>
          </reporter-output>
        </test-method> <!-- setup -->
        <test-method signature="downloadDatasetFromOneSearch()[pri:0, instance:scenario.Scenario4Test@647fd8ce]" started-at="2025-03-27T10:21:10 EDT" name="downloadDatasetFromOneSearch" finished-at="2025-03-27T10:21:22 EDT" duration-ms="12122" status="PASS">
          <reporter-output>
          </reporter-output>
        </test-method> <!-- downloadDatasetFromOneSearch -->
        <test-method is-config="true" signature="tearDown()[pri:0, instance:scenario.Scenario4Test@647fd8ce]" started-at="2025-03-27T10:21:22 EDT" name="tearDown" finished-at="2025-03-27T10:21:23 EDT" duration-ms="104" status="PASS">
          <reporter-output>
          </reporter-output>
        </test-method> <!-- tearDown -->
      </class> <!-- scenario.Scenario4Test -->
      <class name="scenario.Scenario3Test">
        <test-method is-config="true" signature="setup()[pri:0, instance:scenario.Scenario3Test@6d2a209c]" started-at="2025-03-27T10:24:00 EDT" name="setup" finished-at="2025-03-27T10:24:01 EDT" duration-ms="850" status="PASS">
          <reporter-output>
          </reporter-output>
        </test-method> <!-- setup -->
        <test-method signature="reserveSnellRoom()[pri:0, instance:scenario.Scenario3Test@6d2a209c]" started-at="2025-03-27T10:24:01 EDT" name="reserveSnellRoom" finished-at="2025-03-27T10:24:20 EDT" duration-ms="18963" status="PASS">
          <reporter-output>
          </reporter-output>
        </test-method> <!-- reserveSnellRoom -->
        <test-method is-config="true" signature="teardown()[pri:0, instance:scenario.Scenario3Test@6d2a209c]" started-at="2025-03-27T10:24:20 EDT" name="teardown" finished-at="2025-03-27T10:24:20 EDT" duration-ms="97" status="PASS">
          <reporter-output>
          </reporter-output>
        </test-method> <!-- teardown -->
      </class> <!-- scenario.Scenario3Test -->
      <class name="scenario.Scenario2Test">
        <test-method is-config="true" signature="setUp()[pri:0, instance:scenario.Scenario2Test@6ac13091]" started-at="2025-03-27T10:21:23 EDT" name="setUp" finished-at="2025-03-27T10:21:24 EDT" duration-ms="993" status="PASS">
          <reporter-output>
          </reporter-output>
        </test-method> <!-- setUp -->
        <test-method signature="loginToCanvas()[pri:1, instance:scenario.Scenario2Test@6ac13091]" started-at="2025-03-27T10:21:24 EDT" name="loginToCanvas" finished-at="2025-03-27T10:22:26 EDT" duration-ms="62552" status="PASS">
          <reporter-output>
          </reporter-output>
        </test-method> <!-- loginToCanvas -->
        <test-method signature="openCalendarAndAddToDos()[pri:2, instance:scenario.Scenario2Test@6ac13091]" started-at="2025-03-27T10:22:26 EDT" name="openCalendarAndAddToDos" finished-at="2025-03-27T10:22:55 EDT" depends-on-methods="scenario.Scenario2Test.loginToCanvas" duration-ms="28926" status="PASS">
          <reporter-output>
          </reporter-output>
        </test-method> <!-- openCalendarAndAddToDos -->
        <test-method is-config="true" signature="tearDown()[pri:0, instance:scenario.Scenario2Test@6ac13091]" started-at="2025-03-27T10:22:55 EDT" name="tearDown" finished-at="2025-03-27T10:22:55 EDT" duration-ms="134" status="PASS">
          <reporter-output>
          </reporter-output>
        </test-method> <!-- tearDown -->
      </class> <!-- scenario.Scenario2Test -->
    </test> <!-- Surefire test -->
  </suite> <!-- Surefire suite -->
</testng-results>
