<?xml version="1.0" encoding="UTF-8"?>
<testng-results ignored="0" total="1" passed="1" failed="0" skipped="0">
  <reporter-output>
  </reporter-output>
  <suite started-at="2025-03-27T10:14:58 EDT" name="Default suite" finished-at="2025-03-27T10:16:08 EDT" duration-ms="70560">
    <groups>
    </groups>
    <test started-at="2025-03-27T10:14:58 EDT" name="Default test" finished-at="2025-03-27T10:16:08 EDT" duration-ms="70560">
      <class name="scenario.Scenario5Test">
        <test-method is-config="true" signature="setup()[pri:0, instance:scenario.Scenario5Test@692f203f]" started-at="2025-03-27T10:14:58 EDT" name="setup" finished-at="2025-03-27T10:14:59 EDT" duration-ms="1126" status="PASS">
          <reporter-output>
          </reporter-output>
        </test-method> <!-- setup -->
        <test-method signature="changeAcademicCalendar()[pri:0, instance:scenario.Scenario5Test@692f203f]" started-at="2025-03-27T10:14:59 EDT" name="changeAcademicCalendar" finished-at="2025-03-27T10:16:08 EDT" duration-ms="69305" status="PASS">
          <reporter-output>
          </reporter-output>
        </test-method> <!-- changeAcademicCalendar -->
        <test-method is-config="true" signature="tearDown()[pri:0, instance:scenario.Scenario5Test@692f203f]" started-at="2025-03-27T10:16:08 EDT" name="tearDown" finished-at="2025-03-27T10:16:08 EDT" duration-ms="121" status="PASS">
          <reporter-output>
          </reporter-output>
        </test-method> <!-- tearDown -->
      </class> <!-- scenario.Scenario5Test -->
    </test> <!-- Default test -->
  </suite> <!-- Default suite -->
</testng-results>
