<?xml version="1.0" encoding="UTF-8"?>
<!-- Generated by org.testng.reporters.JUnitReportReporter -->
<testsuite hostname="Shreyas-MacBook-Air.local" failures="0" tests="2" name="scenario.Scenario2Test" time="90.466" errors="0" timestamp="2025-03-27T00:38:04 EDT" skipped="0">
  <testcase classname="scenario.Scenario2Test" name="loginToCanvas" time="60.608"/>
  <testcase classname="scenario.Scenario2Test" name="openCalendarAndAddToDos" time="29.858"/>
</testsuite> <!-- scenario.Scenario2Test -->
